2025-06-06 08:59:30,526 INFO - helpers.log_helper - Finished configuring logger.
2025-06-06 08:59:30,590 INFO - __main__ - Finished generating dataset
2025-06-06 08:59:30,611 WARNING - tensorflow - From C:\Program_Files\anaconda3\envs\py37\lib\site-packages\tensorflow\python\framework\op_def_library.py:263: colocate_with (from tensorflow.python.framework.ops) is deprecated and will be removed in a future version.
Instructions for updating:
Colocations handled automatically by placer.
2025-06-06 08:59:30,993 WARNING - tensorflow - From C:\Program_Files\anaconda3\envs\py37\lib\site-packages\tensorflow\python\ops\math_ops.py:3066: to_int32 (from tensorflow.python.ops.math_ops) is deprecated and will be removed in a future version.
Instructions for updating:
Use tf.cast instead.
2025-06-06 08:59:31,706 INFO - models.gae - Model summary:
2025-06-06 08:59:31,706 INFO - models.gae - ---------
2025-06-06 08:59:31,706 INFO - models.gae - Variables: name (type shape) [size]
2025-06-06 08:59:31,706 INFO - models.gae - ---------
2025-06-06 08:59:31,706 INFO - models.gae - Variable:0 (float64_ref 10x10) [100, bytes: 800]
2025-06-06 08:59:31,706 INFO - models.gae - dense/kernel:0 (float64 1x16) [16, bytes: 128]
2025-06-06 08:59:31,706 INFO - models.gae - dense/bias:0 (float64 16) [16, bytes: 128]
2025-06-06 08:59:31,706 INFO - models.gae - dense_1/kernel:0 (float64 16x16) [256, bytes: 2048]
2025-06-06 08:59:31,706 INFO - models.gae - dense_1/bias:0 (float64 16) [16, bytes: 128]
2025-06-06 08:59:31,706 INFO - models.gae - dense_2/kernel:0 (float64 16x1) [16, bytes: 128]
2025-06-06 08:59:31,706 INFO - models.gae - dense_2/bias:0 (float64 1) [1, bytes: 8]
2025-06-06 08:59:31,706 INFO - models.gae - dense_3/kernel:0 (float64 1x16) [16, bytes: 128]
2025-06-06 08:59:31,706 INFO - models.gae - dense_3/bias:0 (float64 16) [16, bytes: 128]
2025-06-06 08:59:31,706 INFO - models.gae - dense_4/kernel:0 (float64 16x16) [256, bytes: 2048]
2025-06-06 08:59:31,706 INFO - models.gae - dense_4/bias:0 (float64 16) [16, bytes: 128]
2025-06-06 08:59:31,706 INFO - models.gae - dense_5/kernel:0 (float64 16x1) [16, bytes: 128]
2025-06-06 08:59:31,706 INFO - models.gae - dense_5/bias:0 (float64 1) [1, bytes: 8]
2025-06-06 08:59:31,706 INFO - models.gae - Total size of variables: 742
2025-06-06 08:59:31,706 INFO - models.gae - Total bytes of variables: 5936
2025-06-06 08:59:31,803 INFO - trainers.al_trainer - Started training for 20 iterations
2025-06-06 08:59:31,803 INFO - trainers.al_trainer - rho 1.000E+00, alpha 0.000E+00
2025-06-06 08:59:32,530 INFO - trainers.al_trainer - [Iter 1] loss 5.731E+00, mse 1.072E+03, acyclic 8.427E-08, shd 20, tpr 0.526, fdr 0.583, pred_size 24
2025-06-06 08:59:32,530 INFO - trainers.al_trainer - rho 1.000E+00, alpha 8.427E-08
2025-06-06 08:59:32,940 INFO - trainers.al_trainer - [Iter 2] loss 5.118E+00, mse 9.867E+02, acyclic 2.598E-09, shd 16, tpr 0.737, fdr 0.462, pred_size 26
2025-06-06 08:59:32,956 INFO - trainers.al_trainer - rho 1.000E+00, alpha 8.687E-08
2025-06-06 08:59:33,366 INFO - trainers.al_trainer - rho 1.000E+01, alpha 8.687E-08
2025-06-06 08:59:33,791 INFO - trainers.al_trainer - [Iter 3] loss 4.862E+00, mse 9.485E+02, acyclic 4.441E-10, shd 21, tpr 0.789, fdr 0.531, pred_size 32
2025-06-06 08:59:33,791 INFO - trainers.al_trainer - rho 1.000E+01, alpha 9.131E-08
2025-06-06 08:59:34,217 INFO - trainers.al_trainer - rho 1.000E+02, alpha 9.131E-08
2025-06-06 08:59:34,705 INFO - trainers.al_trainer - rho 1.000E+03, alpha 9.131E-08
2025-06-06 08:59:35,161 INFO - trainers.al_trainer - rho 1.000E+04, alpha 9.131E-08
2025-06-06 08:59:35,618 INFO - trainers.al_trainer - rho 1.000E+05, alpha 9.131E-08
2025-06-06 08:59:36,074 INFO - trainers.al_trainer - rho 1.000E+06, alpha 9.131E-08
2025-06-06 08:59:36,515 INFO - trainers.al_trainer - rho 1.000E+07, alpha 9.131E-08
2025-06-06 08:59:36,956 INFO - trainers.al_trainer - rho 1.000E+08, alpha 9.131E-08
2025-06-06 08:59:37,429 INFO - trainers.al_trainer - rho 1.000E+09, alpha 9.131E-08
2025-06-06 08:59:37,886 INFO - trainers.al_trainer - rho 1.000E+10, alpha 9.131E-08
2025-06-06 08:59:38,357 INFO - trainers.al_trainer - rho 1.000E+11, alpha 9.131E-08
2025-06-06 08:59:38,798 INFO - trainers.al_trainer - rho 1.000E+12, alpha 9.131E-08
2025-06-06 08:59:39,303 INFO - trainers.al_trainer - rho 1.000E+13, alpha 9.131E-08
2025-06-06 08:59:39,806 INFO - trainers.al_trainer - rho 1.000E+14, alpha 9.131E-08
2025-06-06 08:59:40,262 INFO - trainers.al_trainer - rho 1.000E+15, alpha 9.131E-08
2025-06-06 08:59:40,735 INFO - trainers.al_trainer - rho 1.000E+16, alpha 9.131E-08
2025-06-06 08:59:41,192 INFO - trainers.al_trainer - rho 1.000E+17, alpha 9.131E-08
2025-06-06 08:59:41,664 INFO - trainers.al_trainer - [Iter 4] loss 4.114E+00, mse 7.851E+02, acyclic 6.216E-10, shd 8, tpr 1.000, fdr 0.296, pred_size 27
2025-06-06 08:59:41,681 INFO - trainers.al_trainer - [Iter 5] loss 4.114E+00, mse 7.851E+02, acyclic 6.216E-10, shd 8, tpr 1.000, fdr 0.296, pred_size 27
2025-06-06 08:59:41,681 INFO - trainers.al_trainer - [Iter 6] loss 4.114E+00, mse 7.851E+02, acyclic 6.216E-10, shd 8, tpr 1.000, fdr 0.296, pred_size 27
2025-06-06 08:59:41,681 INFO - trainers.al_trainer - [Iter 7] loss 4.114E+00, mse 7.851E+02, acyclic 6.216E-10, shd 8, tpr 1.000, fdr 0.296, pred_size 27
2025-06-06 08:59:41,681 INFO - trainers.al_trainer - [Iter 8] loss 4.114E+00, mse 7.851E+02, acyclic 6.216E-10, shd 8, tpr 1.000, fdr 0.296, pred_size 27
2025-06-06 08:59:41,681 INFO - trainers.al_trainer - [Iter 9] loss 4.114E+00, mse 7.851E+02, acyclic 6.216E-10, shd 8, tpr 1.000, fdr 0.296, pred_size 27
2025-06-06 08:59:41,681 INFO - trainers.al_trainer - [Iter 10] loss 4.114E+00, mse 7.851E+02, acyclic 6.216E-10, shd 8, tpr 1.000, fdr 0.296, pred_size 27
2025-06-06 08:59:41,681 INFO - trainers.al_trainer - [Iter 11] loss 4.114E+00, mse 7.851E+02, acyclic 6.216E-10, shd 8, tpr 1.000, fdr 0.296, pred_size 27
2025-06-06 08:59:41,695 INFO - trainers.al_trainer - [Iter 12] loss 4.114E+00, mse 7.851E+02, acyclic 6.216E-10, shd 8, tpr 1.000, fdr 0.296, pred_size 27
2025-06-06 08:59:41,697 INFO - trainers.al_trainer - [Iter 13] loss 4.114E+00, mse 7.851E+02, acyclic 6.216E-10, shd 8, tpr 1.000, fdr 0.296, pred_size 27
2025-06-06 08:59:41,697 INFO - trainers.al_trainer - [Iter 14] loss 4.114E+00, mse 7.851E+02, acyclic 6.216E-10, shd 8, tpr 1.000, fdr 0.296, pred_size 27
2025-06-06 08:59:41,697 INFO - trainers.al_trainer - [Iter 15] loss 4.114E+00, mse 7.851E+02, acyclic 6.216E-10, shd 8, tpr 1.000, fdr 0.296, pred_size 27
2025-06-06 08:59:41,697 INFO - trainers.al_trainer - [Iter 16] loss 4.114E+00, mse 7.851E+02, acyclic 6.216E-10, shd 8, tpr 1.000, fdr 0.296, pred_size 27
2025-06-06 08:59:41,697 INFO - trainers.al_trainer - [Iter 17] loss 4.114E+00, mse 7.851E+02, acyclic 6.216E-10, shd 8, tpr 1.000, fdr 0.296, pred_size 27
2025-06-06 08:59:41,697 INFO - trainers.al_trainer - [Iter 18] loss 4.114E+00, mse 7.851E+02, acyclic 6.216E-10, shd 8, tpr 1.000, fdr 0.296, pred_size 27
2025-06-06 08:59:41,697 INFO - trainers.al_trainer - [Iter 19] loss 4.114E+00, mse 7.851E+02, acyclic 6.216E-10, shd 8, tpr 1.000, fdr 0.296, pred_size 27
2025-06-06 08:59:41,697 INFO - trainers.al_trainer - [Iter 20] loss 4.114E+00, mse 7.851E+02, acyclic 6.216E-10, shd 8, tpr 1.000, fdr 0.296, pred_size 27
2025-06-06 08:59:42,611 INFO - trainers.al_trainer - Model saved to output/2025-06-06_08-59-30-523/model/
2025-06-06 08:59:42,611 INFO - __main__ - Finished training model
2025-06-06 08:59:47,819 INFO - __main__ - Filter by constant threshold
2025-06-06 08:59:50,097 INFO - __main__ - Results after thresholding by 0.2: {'fdr': 0.2962962962962963, 'tpr': 1.0, 'fpr': 0.3076923076923077, 'shd': 8, 'pred_size': 27}
