2025-06-06 13:07:54,402 INFO - helpers.log_helper - Finished configuring logger.
2025-06-06 13:07:54,425 INFO - __main__ - Finished generating dataset
2025-06-06 13:07:54,426 INFO - __main__ - <data_loader.synthetic_dataset.SyntheticDataset object at 0x00000224E542F688>
2025-06-06 13:07:54,426 INFO - __main__ - [[[-2.23667292e+00]
  [-1.84469071e-01]
  [-9.27384422e-01]
  [-5.18075698e-01]
  [ 1.53667594e+00]
  [ 6.54953708e-01]
  [-3.82286177e-01]
  [ 2.26756078e+00]
  [ 3.23612895e+00]
  [ 1.31288303e+00]]

 [[ 6.28314456e-02]
  [-1.65903258e+00]
  [-4.01629459e-01]
  [-2.62934635e+00]
  [ 1.09984926e+00]
  [ 9.12412233e-01]
  [-4.42737671e-01]
  [ 2.76010003e+00]
  [ 1.65098786e+00]
  [ 1.61901851e+00]]

 [[-1.68797651e+00]
  [-1.15235566e+00]
  [-7.50766961e-01]
  [-9.36499229e-01]
  [ 4.24905172e-01]
  [-5.52432654e-01]
  [ 7.47362784e-01]
  [ 3.00032422e+00]
  [ 3.12863795e+00]
  [ 1.66669772e+00]]

 [[ 2.29171206e+00]
  [ 5.32691570e-01]
  [ 1.11375044e+00]
  [ 1.45917304e+00]
  [-2.68424558e+00]
  [ 2.48802553e+00]
  [ 7.67247391e-01]
  [-4.60366480e-01]
  [-2.86774232e+00]
  [-6.59488457e-01]]

 [[ 2.31162453e+00]
  [ 9.85137734e-01]
  [ 1.39485020e+00]
  [ 2.39099063e+00]
  [ 6.68211961e-01]
  [ 4.53368542e-01]
  [-5.57271494e-01]
  [-1.64040650e+00]
  [-4.30630295e+00]
  [ 3.75541297e-01]]

 [[-8.05186958e-02]
  [-7.04721866e-01]
  [ 8.32511036e-02]
  [-1.32905926e+00]
  [ 1.00760865e+00]
  [ 1.37263026e+00]
  [-5.07855127e-01]
  [ 3.39664210e+00]
  [ 2.37036564e+00]
  [ 1.20458732e+00]]

 [[ 2.91757773e-01]
  [ 2.14709563e-01]
  [-1.95362492e-01]
  [-1.06810896e+00]
  [-2.82326848e+00]
  [ 8.67314068e-02]
  [ 1.00402010e+00]
  [ 1.17431938e+00]
  [ 2.56724684e+00]
  [-1.01440914e+00]]

 [[-1.28378378e-02]
  [-1.76394162e+00]
  [-1.80991119e+00]
  [-1.49576656e+00]
  [-1.15434005e+00]
  [-2.69007280e+00]
  [ 1.10984787e+00]
  [ 1.04298571e+00]
  [-1.12729525e+00]
  [-6.04075877e-01]]

 [[-7.94115081e-01]
  [-1.10316547e+00]
  [-5.35193557e-01]
  [-1.53380672e+00]
  [ 1.08833274e+00]
  [ 3.65474814e-01]
  [-1.13378998e+00]
  [ 2.90100410e+00]
  [ 3.22445562e+00]
  [ 2.95876710e+00]]

 [[-1.05926445e+00]
  [-2.53457185e+00]
  [-5.42409898e-01]
  [-3.51717098e+00]
  [ 2.01420627e+00]
  [ 1.64924404e+00]
  [ 4.44001520e-01]
  [ 3.50557199e+00]
  [ 2.49648760e+00]
  [ 2.54447518e+00]]

 [[-1.49419870e+00]
  [-1.95341508e+00]
  [-9.76966529e-01]
  [-2.11688965e+00]
  [ 2.25790672e+00]
  [ 2.09146279e+00]
  [-4.49779766e-01]
  [ 1.69006429e+00]
  [ 4.42233375e+00]
  [ 1.55978144e-01]]

 [[-1.13296505e+00]
  [-1.48309640e+00]
  [-2.39563111e-01]
  [-3.39801033e+00]
  [ 1.76013469e+00]
  [ 9.77691957e-01]
  [-1.02877202e+00]
  [ 2.24207059e+00]
  [ 3.11148264e+00]
  [ 1.26370250e+00]]

 [[ 3.04810821e-01]
  [-8.68464185e-01]
  [ 1.08835287e+00]
  [ 3.66926868e-01]
  [-5.92658606e-01]
  [-4.30563795e-01]
  [ 7.50162024e-01]
  [-1.20284070e+00]
  [-2.55717265e-01]
  [-6.38718490e-02]]

 [[-8.13216167e-01]
  [ 1.17293974e+00]
  [ 8.01485341e-01]
  [-2.31148020e+00]
  [ 3.70835134e+00]
  [ 7.59134054e-01]
  [-6.40258729e-01]
  [ 7.56154897e-01]
  [ 1.55726516e+00]
  [-7.97850469e-01]]

 [[-1.36499818e+00]
  [-2.80222684e-01]
  [-9.62570202e-02]
  [-1.94247978e+00]
  [ 8.92359964e-01]
  [-8.27102991e-01]
  [-1.29381195e-01]
  [ 2.23058803e+00]
  [ 1.80915404e+00]
  [ 4.75276052e-01]]

 [[ 1.51910850e+00]
  [ 8.49836514e-01]
  [ 1.24561151e+00]
  [ 2.09411964e+00]
  [-1.92710159e+00]
  [-6.14907820e-01]
  [ 6.74157182e-01]
  [-2.18173018e+00]
  [-2.91929573e+00]
  [ 1.38262383e+00]]

 [[ 3.33970779e-02]
  [-2.66603282e-01]
  [-4.64325333e-01]
  [-2.16812766e+00]
  [ 1.96606238e+00]
  [ 3.38879135e+00]
  [-7.34073609e-01]
  [-6.62890547e-01]
  [ 3.04208507e+00]
  [-9.98941220e-01]]

 [[-3.58539801e+00]
  [-1.45922499e+00]
  [-1.00800703e+00]
  [-1.44321618e+00]
  [-3.51755630e+00]
  [-8.71585838e-01]
  [-3.98864367e+00]
  [ 1.87370772e+00]
  [ 2.04579865e+00]
  [-1.87930271e+00]]

 [[-2.44276422e+00]
  [-6.78363082e-01]
  [-1.07878881e+00]
  [-5.86942719e-01]
  [-7.77632811e-01]
  [-1.50141295e+00]
  [ 7.78442885e-01]
  [ 8.45410686e-01]
  [ 2.36231849e-01]
  [ 1.36915391e-01]]

 [[-1.73094205e-01]
  [ 2.52913026e+00]
  [ 1.48355568e+00]
  [-1.06488223e+00]
  [ 2.97427281e+00]
  [-1.09899441e-01]
  [ 3.88552141e-01]
  [ 4.86013609e-01]
  [ 6.03379113e-01]
  [ 1.71125845e+00]]

 [[ 2.04783737e+00]
  [ 4.89011035e-01]
  [ 6.16469906e-01]
  [ 6.14505214e-01]
  [ 1.60529191e+00]
  [ 4.64276457e-03]
  [-9.73314049e-01]
  [-1.18194483e-01]
  [-1.70085648e+00]
  [ 1.29132535e+00]]

 [[-1.98489830e+00]
  [-2.76396273e+00]
  [-8.26608616e-01]
  [-2.08869567e+00]
  [ 1.46455273e+00]
  [ 1.54904927e+00]
  [-7.79108977e-03]
  [ 2.72403977e+00]
  [ 2.80966651e+00]
  [ 4.08317052e-01]]

 [[ 1.55728946e-01]
  [ 5.55292704e-01]
  [-8.63982779e-02]
  [-1.82908481e+00]
  [ 7.08503236e-01]
  [ 7.80390608e-01]
  [ 8.21801739e-01]
  [-2.82835423e+00]
  [ 2.28138971e+00]
  [-7.20197786e-01]]

 [[ 1.17581622e+00]
  [ 9.20117195e-01]
  [ 7.80653956e-01]
  [ 9.05881393e-01]
  [ 1.76677214e+00]
  [ 2.39618777e+00]
  [-9.17805726e-01]
  [-2.06372057e-01]
  [-1.37985341e-01]
  [ 1.51124755e+00]]

 [[ 7.89635744e-01]
  [-2.91198803e-01]
  [ 1.65348336e+00]
  [ 2.71595716e+00]
  [-8.35254705e-02]
  [-5.73425056e-01]
  [-9.51683151e-01]
  [ 2.72238918e-02]
  [-2.54352029e+00]
  [ 7.49163753e-01]]

 [[-1.20224037e+00]
  [ 3.54414006e-01]
  [-1.81882120e-01]
  [-2.35499970e+00]
  [ 1.15619930e+00]
  [ 2.63732539e+00]
  [-2.25451437e-01]
  [-1.20128386e+00]
  [ 3.24762884e+00]
  [-1.24600820e+00]]

 [[-1.35201566e+00]
  [-1.75186470e+00]
  [-4.36466397e-01]
  [-2.55561705e+00]
  [-1.85712742e+00]
  [ 1.04713902e-01]
  [ 1.81662856e+00]
  [ 1.45065651e+00]
  [ 2.05972341e+00]
  [-8.36923817e-01]]

 [[ 2.67900575e-01]
  [ 1.69065566e-01]
  [ 7.97063974e-01]
  [-2.36716836e+00]
  [ 1.34080627e+00]
  [ 3.78131823e+00]
  [ 3.18815801e-01]
  [ 4.24821488e-02]
  [ 4.27533296e-01]
  [ 1.87984095e-02]]

 [[-1.57767045e+00]
  [-2.41195714e-01]
  [-5.28065425e-01]
  [-2.85692087e+00]
  [ 3.09900348e+00]
  [ 2.09069267e+00]
  [-3.77194761e-01]
  [ 1.53694962e+00]
  [ 2.65886418e+00]
  [ 1.33484998e+00]]

 [[-5.44472501e-01]
  [-2.27945976e-02]
  [ 1.01262753e+00]
  [-2.45212481e+00]
  [-2.74253597e-03]
  [-1.85565084e+00]
  [ 1.27758941e+00]
  [-3.91467000e+00]
  [-8.07983328e-01]
  [-6.85336214e-01]]

 [[ 1.84186703e-02]
  [-1.89462833e-01]
  [ 1.08446509e+00]
  [-6.80545117e-02]
  [-5.25116613e-01]
  [-3.00106602e-01]
  [-2.01815486e-01]
  [ 4.98126734e-01]
  [-2.18023130e+00]
  [ 4.22194985e-01]]

 [[-7.84195529e-01]
  [ 8.85027601e-01]
  [-2.50216113e-01]
  [-2.14871942e+00]
  [ 2.61018981e+00]
  [ 2.90482919e+00]
  [ 7.47979731e-01]
  [-2.19454881e-01]
  [ 4.12525108e+00]
  [-1.26993959e+00]]

 [[-7.16783575e-01]
  [-1.38142349e+00]
  [-1.72425591e+00]
  [-3.55538265e+00]
  [ 2.58854262e+00]
  [ 2.41251529e+00]
  [-7.42284792e-01]
  [ 3.91761296e-01]
  [ 1.16555456e+00]
  [-2.60896383e-01]]

 [[-6.43038026e-01]
  [-2.34978742e+00]
  [-1.19130498e-01]
  [-1.98851804e+00]
  [ 1.94698763e+00]
  [ 4.19714686e+00]
  [ 6.30637083e-01]
  [-1.02228413e+00]
  [ 4.34983126e+00]
  [-1.23088291e+00]]

 [[-2.21369068e-01]
  [-1.16029669e+00]
  [ 1.11199621e+00]
  [ 1.39594039e+00]
  [-6.36605149e-01]
  [ 1.42564172e-01]
  [-5.35469659e-01]
  [-4.54467463e-01]
  [-1.67160139e+00]
  [ 6.24465765e-01]]

 [[-2.21618003e+00]
  [ 4.74720571e-01]
  [-7.45111823e-01]
  [-2.13587597e+00]
  [ 1.60270636e+00]
  [ 3.40120960e+00]
  [ 2.28901168e-01]
  [-4.50696630e-01]
  [ 3.76361110e+00]
  [-1.58422700e+00]]

 [[-5.93557920e-01]
  [-1.45021198e-01]
  [ 6.94908509e-01]
  [-1.06783199e+00]
  [-6.10257057e-01]
  [-6.27698198e-01]
  [ 1.10832058e+00]
  [-2.98658913e+00]
  [ 1.14522510e+00]
  [-9.42607097e-01]]

 [[-8.34895019e-01]
  [-2.06910206e+00]
  [-1.53141038e+00]
  [-5.24804341e+00]
  [ 2.12319765e+00]
  [ 1.84713016e+00]
  [-9.57651076e-01]
  [ 9.38186155e-01]
  [ 2.88558012e+00]
  [-3.07446598e-01]]

 [[-1.31999108e+00]
  [-1.74646609e+00]
  [ 2.53362743e-01]
  [-1.27318448e+00]
  [ 2.25744419e+00]
  [ 2.92140668e+00]
  [-4.08238367e-01]
  [ 2.33624978e-01]
  [ 2.37523884e+00]
  [ 1.33308846e+00]]

 [[-2.79798634e+00]
  [ 5.85204821e-01]
  [-1.52843472e-01]
  [ 2.95364203e-02]
  [ 4.47727534e-01]
  [-1.60280732e+00]
  [-8.46419424e-01]
  [ 1.08342649e+00]
  [ 2.15332615e+00]
  [ 3.16508645e-01]]

 [[-5.42729541e-02]
  [ 7.15618608e-01]
  [ 6.24290774e-01]
  [-1.23028088e+00]
  [ 1.95548387e+00]
  [ 2.95284164e+00]
  [-2.45529889e-02]
  [ 5.67249770e-01]
  [ 2.04065613e-01]
  [ 9.66514612e-01]]

 [[-1.01801418e+00]
  [ 3.47402409e-01]
  [ 5.51237319e-01]
  [-2.26178029e+00]
  [ 3.42355086e+00]
  [ 2.52491236e+00]
  [-1.34718057e+00]
  [-2.03606552e+00]
  [ 7.80133368e-01]
  [-3.46238294e-01]]

 [[-1.68833147e-01]
  [-1.27857668e+00]
  [-1.72221627e+00]
  [-1.86697010e-02]
  [ 3.83986385e-01]
  [-1.02055634e+00]
  [-2.50122251e-01]
  [ 4.09725408e-01]
  [ 1.19861233e+00]
  [ 8.10995158e-01]]

 [[ 9.26111967e-01]
  [ 1.48951306e+00]
  [ 1.46514132e+00]
  [-1.38494589e+00]
  [ 1.43113572e+00]
  [ 7.33221174e-01]
  [-1.17873978e+00]
  [-2.64539476e+00]
  [-1.00645681e+00]
  [-6.74028834e-01]]

 [[-1.66925844e-02]
  [ 3.95327488e-01]
  [-1.40717977e-01]
  [-9.27434378e-01]
  [ 1.74929511e+00]
  [ 1.16212934e+00]
  [-6.95292796e-01]
  [ 3.62597584e+00]
  [ 2.34159454e+00]
  [ 2.02335691e+00]]

 [[-1.98062715e+00]
  [-1.72604560e+00]
  [-2.81438220e-01]
  [-1.42252049e-01]
  [ 3.16615665e+00]
  [ 3.17378617e-01]
  [-1.52652702e+00]
  [ 3.07533441e+00]
  [ 2.71615616e+00]
  [ 1.81061825e+00]]

 [[-1.48003467e+00]
  [-5.55519357e-02]
  [ 8.10795785e-02]
  [-9.92179248e-01]
  [ 1.11746921e+00]
  [ 1.79133666e+00]
  [ 5.90500926e-01]
  [ 1.69601611e-01]
  [ 3.20486686e-01]
  [-4.20195541e-02]]

 [[ 5.52999475e-01]
  [-7.88045116e-01]
  [ 3.84512709e-01]
  [ 1.14283948e+00]
  [-1.19284941e+00]
  [-1.47590052e+00]
  [ 6.08486207e-01]
  [-2.15138583e+00]
  [-7.48297198e-01]
  [-7.71450361e-01]]

 [[-1.82235908e+00]
  [-1.80448388e+00]
  [-1.63562931e-01]
  [ 5.17044477e-01]
  [ 6.76409298e-02]
  [-2.76722316e-02]
  [-1.16582668e-01]
  [-3.28023362e-01]
  [ 1.04800106e+00]
  [-3.70485642e-01]]

 [[-1.13112476e+00]
  [-1.07905394e+00]
  [-4.91629973e-01]
  [-2.42738413e+00]
  [ 4.87235472e-01]
  [ 3.26888790e-02]
  [ 2.04869513e-01]
  [ 2.59275698e+00]
  [ 2.17105244e+00]
  [ 6.15659058e-01]]

 [[-2.06845688e+00]
  [-1.69968859e+00]
  [-9.99175935e-01]
  [-1.20048755e+00]
  [ 6.62937277e-01]
  [ 4.77812676e-01]
  [-1.36611113e-01]
  [ 2.96599831e-03]
  [ 2.54520384e+00]
  [ 1.81976447e-01]]

 [[ 2.88829431e-01]
  [-8.13711577e-01]
  [ 5.90288472e-01]
  [ 1.10188681e-02]
  [ 1.24413119e-01]
  [ 1.88898715e+00]
  [-5.22117904e-01]
  [ 2.96937152e-01]
  [-9.49257438e-01]
  [-1.64255521e-01]]

 [[-1.25257710e+00]
  [ 1.10427297e+00]
  [ 7.91890395e-01]
  [-8.75181955e-01]
  [ 4.47035413e+00]
  [ 1.85649825e+00]
  [-1.00315337e+00]
  [-1.82604731e-01]
  [ 1.02883502e+00]
  [ 7.75728630e-01]]

 [[ 4.11648570e+00]
  [-3.17870442e-01]
  [ 1.28580983e+00]
  [-4.20698504e+00]
  [ 1.89734094e+00]
  [ 2.64594572e+00]
  [-3.79377407e-01]
  [-1.24332398e+00]
  [-1.23886935e-01]
  [-1.05117314e+00]]

 [[ 1.68957371e+00]
  [ 3.28369442e-02]
  [ 2.10701980e-01]
  [ 3.33054117e+00]
  [-1.15333973e+00]
  [-8.42586456e-01]
  [-4.31594706e-01]
  [ 6.90459827e-01]
  [-1.71729158e+00]
  [ 1.12330624e+00]]

 [[-3.80874724e-01]
  [ 5.25676102e-01]
  [ 2.93104888e-01]
  [-1.82219938e+00]
  [ 1.22469023e+00]
  [ 1.42162101e+00]
  [-5.33227426e-01]
  [ 1.31150785e+00]
  [ 2.22505726e+00]
  [ 1.44193955e+00]]

 [[-2.52812784e+00]
  [-1.42580440e+00]
  [-7.05358085e-01]
  [ 1.23145174e+00]
  [ 2.88688059e-01]
  [ 1.92791314e-01]
  [-1.38165810e+00]
  [-1.15574823e+00]
  [ 1.46402113e+00]
  [-1.15536007e+00]]

 [[-3.69375125e+00]
  [ 1.49215873e-01]
  [-1.49861166e+00]
  [ 1.74128964e-01]
  [-3.30145278e+00]
  [ 6.69280193e-01]
  [ 1.04559760e+00]
  [ 6.40511778e-01]
  [ 5.52649666e-01]
  [ 6.96410109e-01]]

 [[-2.47400847e+00]
  [-1.30002656e+00]
  [-3.65512521e-01]
  [ 1.75805996e+00]
  [-3.01192553e+00]
  [ 1.01188056e+00]
  [ 8.82069561e-01]
  [ 2.11424655e+00]
  [ 1.70331774e+00]
  [ 7.46806196e-01]]

 [[-6.97008528e-01]
  [ 4.72897321e-02]
  [-1.94233919e-01]
  [-3.35470919e-01]
  [ 5.18469501e-01]
  [ 2.48038893e+00]
  [ 8.02057088e-01]
  [-8.34457595e-01]
  [ 2.47737696e+00]
  [-7.73800527e-01]]

 [[ 2.16569315e-01]
  [-6.48926210e-01]
  [ 9.39322346e-01]
  [-1.73295242e+00]
  [ 2.47735135e+00]
  [ 1.46862785e+00]
  [-9.39083398e-01]
  [-4.22930588e-01]
  [ 1.35592613e+00]
  [ 7.30520089e-01]]

 [[-2.61434861e+00]
  [-6.15242782e-01]
  [-8.56507928e-01]
  [ 1.72614875e+00]
  [ 4.32970322e-01]
  [ 8.67880581e-01]
  [-5.79640992e-01]
  [ 5.04557687e+00]
  [ 6.62990034e-01]
  [ 1.40252714e+00]]

 [[ 2.01913902e+00]
  [ 1.69989396e+00]
  [ 1.42601004e+00]
  [ 1.07758355e+00]
  [ 6.17823480e-01]
  [ 1.49667808e+00]
  [-8.41141908e-02]
  [-1.08979223e+00]
  [-8.18434138e-01]
  [ 9.22417526e-02]]

 [[ 2.08905569e+00]
  [-9.37855127e-01]
  [ 3.02475617e-01]
  [ 4.55291052e+00]
  [-1.54104348e+00]
  [-3.25636772e+00]
  [-9.30051837e-01]
  [-9.92466868e-01]
  [-2.16750668e+00]
  [ 6.64438500e-01]]

 [[-2.55931721e+00]
  [-6.17336234e-01]
  [-8.15985444e-02]
  [ 7.17989281e-01]
  [-1.86974407e+00]
  [-1.02340371e+00]
  [-2.50419101e+00]
  [ 2.77045733e-01]
  [-4.11381612e-01]
  [ 1.07043897e+00]]

 [[-2.69795891e+00]
  [-2.21949478e+00]
  [-1.36629044e+00]
  [ 1.50584996e-01]
  [-1.20459248e+00]
  [-3.04962062e+00]
  [-1.46981616e+00]
  [ 2.54899179e+00]
  [-1.16815765e+00]
  [ 1.24495978e+00]]

 [[ 8.07320088e-01]
  [-7.57831173e-02]
  [ 2.44548398e+00]
  [-1.33590433e+00]
  [-3.34969661e+00]
  [ 8.41065915e-01]
  [ 1.39241295e+00]
  [ 2.54275332e-02]
  [-3.55882724e+00]
  [ 2.88223300e-01]]

 [[-2.35714518e+00]
  [-6.89889113e-01]
  [-2.28639696e-01]
  [-9.00290830e-01]
  [-1.91161066e+00]
  [-3.05478264e-01]
  [ 4.43603988e-02]
  [ 2.15933532e+00]
  [ 2.26019506e+00]
  [ 1.44981200e+00]]

 [[ 7.87247361e-01]
  [-1.10533608e+00]
  [ 5.60090110e-01]
  [ 2.05983341e+00]
  [-1.28620473e+00]
  [-3.46127678e+00]
  [-1.27967298e+00]
  [ 9.25339710e-01]
  [-3.40487496e+00]
  [ 1.13555458e+00]]

 [[-1.65240276e+00]
  [ 9.13237473e-01]
  [-2.05053963e+00]
  [-7.81154918e-01]
  [ 5.23102055e-01]
  [ 3.25660926e+00]
  [ 2.58671531e+00]
  [-5.24563168e-01]
  [ 3.95184723e+00]
  [ 1.64905780e-01]]

 [[-6.54695250e-01]
  [-2.64489511e+00]
  [ 2.41282416e-02]
  [-1.46878948e+00]
  [ 3.94307318e+00]
  [ 2.16318593e+00]
  [-1.01585102e+00]
  [-3.15156710e-02]
  [ 3.77976868e+00]
  [ 9.46117317e-01]]

 [[-4.24923016e+00]
  [-2.31256450e-01]
  [-1.21484756e+00]
  [ 1.18344913e+00]
  [-1.60434382e+00]
  [-3.02418952e+00]
  [-6.68197852e-01]
  [ 1.76417810e+00]
  [-2.44976264e+00]
  [ 4.83448375e-01]]

 [[-6.36254468e-01]
  [-9.81588571e-01]
  [-9.79756692e-01]
  [-3.12256753e+00]
  [ 1.40302253e+00]
  [ 1.88236119e+00]
  [ 1.88878924e-02]
  [ 1.88187776e+00]
  [ 2.80771891e+00]
  [-4.94348053e-02]]

 [[-3.61586547e-04]
  [ 8.31464397e-01]
  [ 1.95504629e+00]
  [-4.33522603e+00]
  [ 7.28035044e-01]
  [ 2.65270926e-01]
  [ 7.35012554e-01]
  [-3.47106900e+00]
  [-5.08081178e-01]
  [-4.88347122e-01]]

 [[-1.37959176e+00]
  [ 2.90329793e-01]
  [ 1.34668167e-01]
  [-1.93464182e+00]
  [ 4.02883814e+00]
  [ 3.83530517e-01]
  [-1.33688377e+00]
  [-7.59356634e-01]
  [ 2.01877174e+00]
  [-1.89416054e-01]]

 [[-1.89649764e+00]
  [-6.62795981e-02]
  [-6.45896203e-01]
  [-5.25894053e+00]
  [ 1.64120267e+00]
  [ 2.50414051e-01]
  [-1.54308281e-01]
  [ 1.41285507e+00]
  [ 2.29402862e+00]
  [-1.91185290e+00]]

 [[ 4.10229282e+00]
  [ 1.33881892e+00]
  [ 1.97861763e+00]
  [-1.13992577e+00]
  [ 1.51664830e-01]
  [-9.09447988e-01]
  [-8.38524741e-01]
  [-2.74643225e+00]
  [-1.90438429e+00]
  [ 2.36872265e-02]]

 [[-9.03833528e-01]
  [-2.28368641e+00]
  [-7.45302668e-02]
  [-3.21811381e+00]
  [ 1.64074552e+00]
  [ 6.93923802e-01]
  [ 5.92862933e-01]
  [ 1.71158205e+00]
  [ 2.65153668e+00]
  [ 4.48993978e-01]]

 [[ 2.74503724e+00]
  [-1.54918660e-01]
  [ 1.73612940e+00]
  [ 2.67931331e+00]
  [-2.02964495e+00]
  [-1.49606916e+00]
  [ 1.37455743e+00]
  [-2.00947000e+00]
  [-4.14919797e+00]
  [ 1.14154012e+00]]

 [[-1.55234128e+00]
  [-1.58674411e+00]
  [-3.72635884e-01]
  [-6.45323148e-01]
  [ 1.74310140e+00]
  [ 9.48325075e-01]
  [-1.53083279e+00]
  [ 2.21229846e+00]
  [ 3.75758655e+00]
  [ 5.46552830e-01]]

 [[-1.92680427e+00]
  [-3.93762191e-01]
  [-1.05245691e+00]
  [-2.97742142e+00]
  [ 7.49430667e-01]
  [ 6.97588662e-01]
  [-8.42179254e-01]
  [ 1.94541792e+00]
  [ 4.61575963e+00]
  [ 8.78540808e-01]]

 [[ 7.93615369e-01]
  [ 8.87980067e-01]
  [ 1.49516881e+00]
  [-4.23349966e-02]
  [ 8.90610519e-01]
  [-2.36394136e+00]
  [ 2.75418543e-01]
  [ 1.33680528e+00]
  [-2.39284272e+00]
  [ 1.06467088e+00]]

 [[-2.78116834e+00]
  [-1.69692766e+00]
  [-1.27498847e+00]
  [-1.37079925e+00]
  [-3.52026539e+00]
  [ 1.81044508e+00]
  [ 1.27149232e+00]
  [ 1.03908731e+00]
  [ 4.64286287e+00]
  [-4.34830804e-01]]

 [[-1.61294635e+00]
  [-1.26687004e+00]
  [-1.46931521e+00]
  [-2.23659451e+00]
  [ 2.49561795e+00]
  [ 2.46459944e+00]
  [-5.47317742e-01]
  [ 3.80583083e+00]
  [ 3.55233431e+00]
  [ 2.06543727e+00]]

 [[-2.24085973e+00]
  [-1.56877017e+00]
  [-2.95079083e-01]
  [-1.61186831e+00]
  [-1.26119804e-01]
  [-9.88061448e-01]
  [ 5.88865816e-01]
  [ 6.12051566e-01]
  [ 2.39474003e+00]
  [-1.31793432e+00]]

 [[-7.87203108e-01]
  [ 1.02917253e+00]
  [-1.92666370e+00]
  [-1.84025377e+00]
  [ 2.08490487e+00]
  [ 2.48035794e+00]
  [-1.43762476e-01]
  [-4.41724501e-01]
  [ 3.40063930e+00]
  [-6.79511975e-01]]

 [[-1.51465625e-01]
  [ 8.75397655e-01]
  [ 4.56900410e-02]
  [ 1.30660389e-01]
  [ 4.83679071e+00]
  [ 7.60707958e-01]
  [ 2.94894119e-01]
  [-1.20919186e+00]
  [-4.19521066e-01]
  [-6.07825786e-01]]

 [[-1.06506642e+00]
  [ 7.09581052e-01]
  [-6.69935995e-02]
  [-3.35730181e+00]
  [ 4.52191093e+00]
  [-2.02639550e+00]
  [-3.32086605e-01]
  [ 3.18050688e-01]
  [ 1.96553784e+00]
  [-2.22520642e-01]]

 [[ 7.72722594e-01]
  [ 1.57156083e+00]
  [-3.47560809e-01]
  [-1.22879591e+00]
  [ 2.22343492e+00]
  [-3.13113992e-04]
  [-4.87907059e-01]
  [ 2.88485702e+00]
  [ 4.57074793e+00]
  [ 1.73394993e+00]]

 [[-1.82367948e+00]
  [-2.11297178e+00]
  [-7.81039093e-01]
  [-8.88865450e-01]
  [ 2.73485608e-01]
  [ 1.00811968e+00]
  [ 1.04679913e+00]
  [ 8.41710593e-01]
  [ 2.08536933e+00]
  [-8.83714653e-01]]

 [[-1.59122928e+00]
  [-7.43878801e-01]
  [ 7.76152405e-01]
  [-1.15323720e+00]
  [ 5.77845189e-01]
  [ 2.15070456e-01]
  [ 6.36498277e-01]
  [-1.41153968e+00]
  [-5.63166568e-01]
  [ 4.77050031e-01]]

 [[ 9.99534851e-01]
  [-4.56359797e-01]
  [ 7.85384939e-01]
  [ 1.30996898e+00]
  [-2.33178193e+00]
  [-1.46476513e-01]
  [-2.21860628e+00]
  [-1.03958722e+00]
  [-2.19041654e+00]
  [ 3.57315405e-01]]

 [[-1.11821142e+00]
  [ 3.23671089e-01]
  [-8.77038325e-01]
  [-8.87124429e-01]
  [ 2.94199995e+00]
  [-7.55757604e-01]
  [-3.90025384e-01]
  [ 3.36557739e+00]
  [ 3.11478315e+00]
  [ 2.22133683e+00]]

 [[-1.09920539e+00]
  [ 6.69299091e-01]
  [ 8.31472741e-02]
  [-2.66802755e+00]
  [ 9.17026734e-01]
  [ 1.04269777e+00]
  [ 1.07553782e+00]
  [ 1.70965243e+00]
  [ 3.37281760e+00]
  [ 4.99927576e-01]]

 [[ 2.83352112e+00]
  [ 1.64134902e+00]
  [ 1.70965984e+00]
  [ 2.58777038e+00]
  [ 4.25687899e-01]
  [ 1.41349723e-02]
  [ 1.11272997e+00]
  [-1.51989654e+00]
  [-3.74863230e+00]
  [-1.58768121e+00]]

 [[ 1.30304734e+00]
  [-1.10174663e+00]
  [ 4.45777864e-01]
  [ 2.27800902e+00]
  [-1.30918614e+00]
  [-3.05256043e+00]
  [-2.62743938e+00]
  [ 1.58170775e+00]
  [-3.60343486e+00]
  [ 8.12956329e-01]]

 [[ 3.00178295e+00]
  [ 1.16776324e+00]
  [ 1.49487153e+00]
  [ 5.31311975e-01]
  [-9.29185011e-02]
  [-1.00849639e+00]
  [ 2.77401302e-01]
  [-2.38398038e+00]
  [-2.09337324e+00]
  [-6.47342390e-02]]

 [[ 3.31341931e-01]
  [ 9.69631744e-01]
  [ 2.62092465e-01]
  [-1.33759411e+00]
  [ 1.23562080e+00]
  [-1.00462203e+00]
  [ 1.72282806e-01]
  [ 1.97996521e+00]
  [ 6.92501611e-01]
  [ 1.08800798e+00]]

 [[-5.84097186e-01]
  [-1.19685858e-01]
  [ 6.11836492e-01]
  [ 1.00726666e+00]
  [-2.20128757e+00]
  [-6.12722322e-01]
  [ 2.49739982e+00]
  [-5.88216345e-01]
  [ 1.13495060e+00]
  [-1.81741039e+00]]

 [[-2.85814934e+00]
  [-1.04592810e+00]
  [-1.00116172e+00]
  [ 1.55931869e+00]
  [-5.10478690e-01]
  [-1.21951325e+00]
  [ 3.80828623e-01]
  [ 5.06164579e-01]
  [-1.12124288e+00]
  [-4.09905540e-01]]]
2025-06-06 13:07:54,441 INFO - __main__ - [[-0.         -0.          0.         -1.41830123  1.8346344   0.97295085
  -0.          0.          1.55397371 -0.        ]
 [-0.         -0.          0.          0.         -1.47995814  0.
   0.          0.         -0.5992645  -0.        ]
 [-1.94392604 -1.0292599   0.          0.          0.         -0.
  -0.          1.68703438  1.98874939  0.        ]
 [-0.         -0.         -0.         -0.         -0.          0.
   0.         -0.          0.          0.        ]
 [-0.         -0.         -0.          1.02438878  0.         -1.27232051
   0.         -0.         -0.64399318  0.        ]
 [ 0.          0.         -0.         -0.         -0.         -0.
  -0.         -0.          0.          0.        ]
 [ 0.         -0.          0.         -0.          1.59947574  0.
   0.         -0.          0.          0.74302732]
 [-0.         -0.         -0.          0.84141084 -0.          0.52838471
  -0.          0.          0.          0.        ]
 [-0.          0.         -0.          0.         -0.         -0.
   0.          0.         -0.          0.        ]
 [ 0.         -0.         -0.         -0.72992433  0.         -0.
   0.         -1.25164534  0.          0.        ]]
2025-06-06 13:07:54,453 WARNING - tensorflow - From C:\Program_Files\anaconda3\envs\py37\lib\site-packages\tensorflow\python\framework\op_def_library.py:263: colocate_with (from tensorflow.python.framework.ops) is deprecated and will be removed in a future version.
Instructions for updating:
Colocations handled automatically by placer.
2025-06-06 13:07:54,771 WARNING - tensorflow - From C:\Program_Files\anaconda3\envs\py37\lib\site-packages\tensorflow\python\ops\math_ops.py:3066: to_int32 (from tensorflow.python.ops.math_ops) is deprecated and will be removed in a future version.
Instructions for updating:
Use tf.cast instead.
2025-06-06 13:07:55,516 INFO - models.gae - Model summary:
2025-06-06 13:07:55,517 INFO - models.gae - ---------
2025-06-06 13:07:55,517 INFO - models.gae - Variables: name (type shape) [size]
2025-06-06 13:07:55,518 INFO - models.gae - ---------
2025-06-06 13:07:55,518 INFO - models.gae - Variable:0 (float64_ref 10x10) [100, bytes: 800]
2025-06-06 13:07:55,518 INFO - models.gae - dense/kernel:0 (float64 1x16) [16, bytes: 128]
2025-06-06 13:07:55,519 INFO - models.gae - dense/bias:0 (float64 16) [16, bytes: 128]
2025-06-06 13:07:55,519 INFO - models.gae - dense_1/kernel:0 (float64 16x16) [256, bytes: 2048]
2025-06-06 13:07:55,519 INFO - models.gae - dense_1/bias:0 (float64 16) [16, bytes: 128]
2025-06-06 13:07:55,519 INFO - models.gae - dense_2/kernel:0 (float64 16x1) [16, bytes: 128]
2025-06-06 13:07:55,520 INFO - models.gae - dense_2/bias:0 (float64 1) [1, bytes: 8]
2025-06-06 13:07:55,520 INFO - models.gae - dense_3/kernel:0 (float64 1x16) [16, bytes: 128]
2025-06-06 13:07:55,520 INFO - models.gae - dense_3/bias:0 (float64 16) [16, bytes: 128]
2025-06-06 13:07:55,520 INFO - models.gae - dense_4/kernel:0 (float64 16x16) [256, bytes: 2048]
2025-06-06 13:07:55,520 INFO - models.gae - dense_4/bias:0 (float64 16) [16, bytes: 128]
2025-06-06 13:07:55,520 INFO - models.gae - dense_5/kernel:0 (float64 16x1) [16, bytes: 128]
2025-06-06 13:07:55,521 INFO - models.gae - dense_5/bias:0 (float64 1) [1, bytes: 8]
2025-06-06 13:07:55,521 INFO - models.gae - Total size of variables: 742
2025-06-06 13:07:55,521 INFO - models.gae - Total bytes of variables: 5936
2025-06-06 13:07:55,603 INFO - trainers.al_trainer - Started training for 20 iterations
2025-06-06 13:07:55,603 INFO - trainers.al_trainer - rho 1.000E+00, alpha 0.000E+00
2025-06-06 13:07:56,306 INFO - trainers.al_trainer - [Iter 1] loss 5.731E+00, mse 1.072E+03, acyclic 8.427E-08, shd 20, tpr 0.526, fdr 0.583, pred_size 24
2025-06-06 13:07:56,313 INFO - trainers.al_trainer - rho 1.000E+00, alpha 8.427E-08
2025-06-06 13:07:56,747 INFO - trainers.al_trainer - [Iter 2] loss 5.118E+00, mse 9.867E+02, acyclic 2.598E-09, shd 16, tpr 0.737, fdr 0.462, pred_size 26
2025-06-06 13:07:56,753 INFO - trainers.al_trainer - rho 1.000E+00, alpha 8.687E-08
2025-06-06 13:07:57,203 INFO - trainers.al_trainer - rho 1.000E+01, alpha 8.687E-08
2025-06-06 13:07:57,631 INFO - trainers.al_trainer - [Iter 3] loss 4.862E+00, mse 9.485E+02, acyclic 4.441E-10, shd 21, tpr 0.789, fdr 0.531, pred_size 32
2025-06-06 13:07:57,640 INFO - trainers.al_trainer - rho 1.000E+01, alpha 9.131E-08
2025-06-06 13:07:58,074 INFO - trainers.al_trainer - rho 1.000E+02, alpha 9.131E-08
2025-06-06 13:07:58,514 INFO - trainers.al_trainer - rho 1.000E+03, alpha 9.131E-08
2025-06-06 13:07:58,941 INFO - trainers.al_trainer - rho 1.000E+04, alpha 9.131E-08
2025-06-06 13:07:59,369 INFO - trainers.al_trainer - rho 1.000E+05, alpha 9.131E-08
2025-06-06 13:07:59,800 INFO - trainers.al_trainer - rho 1.000E+06, alpha 9.131E-08
2025-06-06 13:08:00,249 INFO - trainers.al_trainer - rho 1.000E+07, alpha 9.131E-08
2025-06-06 13:08:00,693 INFO - trainers.al_trainer - rho 1.000E+08, alpha 9.131E-08
2025-06-06 13:08:01,142 INFO - trainers.al_trainer - rho 1.000E+09, alpha 9.131E-08
2025-06-06 13:08:01,586 INFO - trainers.al_trainer - rho 1.000E+10, alpha 9.131E-08
2025-06-06 13:08:02,045 INFO - trainers.al_trainer - rho 1.000E+11, alpha 9.131E-08
2025-06-06 13:08:02,565 INFO - trainers.al_trainer - rho 1.000E+12, alpha 9.131E-08
2025-06-06 13:08:03,098 INFO - trainers.al_trainer - rho 1.000E+13, alpha 9.131E-08
2025-06-06 13:08:03,635 INFO - trainers.al_trainer - rho 1.000E+14, alpha 9.131E-08
2025-06-06 13:08:04,145 INFO - trainers.al_trainer - rho 1.000E+15, alpha 9.131E-08
2025-06-06 13:08:04,633 INFO - trainers.al_trainer - rho 1.000E+16, alpha 9.131E-08
2025-06-06 13:08:05,118 INFO - trainers.al_trainer - rho 1.000E+17, alpha 9.131E-08
2025-06-06 13:08:05,599 INFO - trainers.al_trainer - [Iter 4] loss 4.114E+00, mse 7.851E+02, acyclic 6.216E-10, shd 8, tpr 1.000, fdr 0.296, pred_size 27
2025-06-06 13:08:05,607 INFO - trainers.al_trainer - [Iter 5] loss 4.114E+00, mse 7.851E+02, acyclic 6.216E-10, shd 8, tpr 1.000, fdr 0.296, pred_size 27
2025-06-06 13:08:05,609 INFO - trainers.al_trainer - [Iter 6] loss 4.114E+00, mse 7.851E+02, acyclic 6.216E-10, shd 8, tpr 1.000, fdr 0.296, pred_size 27
2025-06-06 13:08:05,611 INFO - trainers.al_trainer - [Iter 7] loss 4.114E+00, mse 7.851E+02, acyclic 6.216E-10, shd 8, tpr 1.000, fdr 0.296, pred_size 27
2025-06-06 13:08:05,613 INFO - trainers.al_trainer - [Iter 8] loss 4.114E+00, mse 7.851E+02, acyclic 6.216E-10, shd 8, tpr 1.000, fdr 0.296, pred_size 27
2025-06-06 13:08:05,614 INFO - trainers.al_trainer - [Iter 9] loss 4.114E+00, mse 7.851E+02, acyclic 6.216E-10, shd 8, tpr 1.000, fdr 0.296, pred_size 27
2025-06-06 13:08:05,617 INFO - trainers.al_trainer - [Iter 10] loss 4.114E+00, mse 7.851E+02, acyclic 6.216E-10, shd 8, tpr 1.000, fdr 0.296, pred_size 27
2025-06-06 13:08:05,619 INFO - trainers.al_trainer - [Iter 11] loss 4.114E+00, mse 7.851E+02, acyclic 6.216E-10, shd 8, tpr 1.000, fdr 0.296, pred_size 27
2025-06-06 13:08:05,621 INFO - trainers.al_trainer - [Iter 12] loss 4.114E+00, mse 7.851E+02, acyclic 6.216E-10, shd 8, tpr 1.000, fdr 0.296, pred_size 27
2025-06-06 13:08:05,623 INFO - trainers.al_trainer - [Iter 13] loss 4.114E+00, mse 7.851E+02, acyclic 6.216E-10, shd 8, tpr 1.000, fdr 0.296, pred_size 27
2025-06-06 13:08:05,625 INFO - trainers.al_trainer - [Iter 14] loss 4.114E+00, mse 7.851E+02, acyclic 6.216E-10, shd 8, tpr 1.000, fdr 0.296, pred_size 27
2025-06-06 13:08:05,627 INFO - trainers.al_trainer - [Iter 15] loss 4.114E+00, mse 7.851E+02, acyclic 6.216E-10, shd 8, tpr 1.000, fdr 0.296, pred_size 27
2025-06-06 13:08:05,628 INFO - trainers.al_trainer - [Iter 16] loss 4.114E+00, mse 7.851E+02, acyclic 6.216E-10, shd 8, tpr 1.000, fdr 0.296, pred_size 27
2025-06-06 13:08:05,629 INFO - trainers.al_trainer - [Iter 17] loss 4.114E+00, mse 7.851E+02, acyclic 6.216E-10, shd 8, tpr 1.000, fdr 0.296, pred_size 27
2025-06-06 13:08:05,631 INFO - trainers.al_trainer - [Iter 18] loss 4.114E+00, mse 7.851E+02, acyclic 6.216E-10, shd 8, tpr 1.000, fdr 0.296, pred_size 27
2025-06-06 13:08:05,632 INFO - trainers.al_trainer - [Iter 19] loss 4.114E+00, mse 7.851E+02, acyclic 6.216E-10, shd 8, tpr 1.000, fdr 0.296, pred_size 27
2025-06-06 13:08:05,633 INFO - trainers.al_trainer - [Iter 20] loss 4.114E+00, mse 7.851E+02, acyclic 6.216E-10, shd 8, tpr 1.000, fdr 0.296, pred_size 27
2025-06-06 13:08:06,497 INFO - trainers.al_trainer - Model saved to output/2025-06-06_13-07-54-400/model/
2025-06-06 13:08:06,497 INFO - __main__ - Finished training model
2025-06-06 13:08:08,486 INFO - __main__ - Filter by constant threshold
2025-06-06 13:08:10,352 INFO - __main__ - Results after thresholding by 0.2: {'fdr': 0.2962962962962963, 'tpr': 1.0, 'fpr': 0.3076923076923077, 'shd': 8, 'pred_size': 27}
